Arguments: 
  /usr/local/Cellar/node/17.3.0/bin/node /usr/local/Cellar/yarn/1.22.17_2/libexec/bin/yarn.js add --dev @babel/core @babel/plugin-ransform-runtime @babel/preset-env

PATH: 
  /usr/local/bin:/usr/bin:/bin:/usr/sbin:/sbin

Yarn version: 
  1.22.17

Node version: 
  17.3.0

Platform: 
  darwin x64

Trace: 
  Error: https://registry.yarnpkg.com/@babel%2fplugin-ransform-runtime: Not found
      at Request.params.callback [as _callback] (/usr/local/Cellar/yarn/1.22.17_2/libexec/lib/cli.js:67029:18)
      at Request.self.callback (/usr/local/Cellar/yarn/1.22.17_2/libexec/lib/cli.js:140883:22)
      at Request.emit (node:events:390:28)
      at Request.<anonymous> (/usr/local/Cellar/yarn/1.22.17_2/libexec/lib/cli.js:141855:10)
      at Request.emit (node:events:390:28)
      at IncomingMessage.<anonymous> (/usr/local/Cellar/yarn/1.22.17_2/libexec/lib/cli.js:141777:12)
      at Object.onceWrapper (node:events:509:28)
      at IncomingMessage.emit (node:events:402:35)
      at endReadableNT (node:internal/streams/readable:1343:12)
      at processTicksAndRejections (node:internal/process/task_queues:83:21)

npm manifest: 
  {
      "name": "bundler-webpack",
      "version": "1.0.0",
      "description": "Webpack 번들러를 이용한 Vue3 기본 프로젝트 환경 설정",
      "main": "index.js",
      "scripts": {
          "test": "echo \"Error: no test specified\" && exit 1",
          "dev": "webpack-dev-server --mode development",
          "build": "webpack --mode production"
      },
      "repository": {
          "type": "git",
          "url": "git+https://github.com/holabee/bundler-webpack.git"
      },
      "keywords": [],
      "author": "",
      "license": "ISC",
      "bugs": {
          "url": "https://github.com/holabee/bundler-webpack/issues"
      },
      "homepage": "https://github.com/holabee/bundler-webpack#readme",
      "devDependencies": {
          "@babel/core": "^7.16.7",
          "@babel/plugin-transform-runtime": "^7.16.7",
          "@babel/preset-env": "^7.16.7",
          "@vue/compiler-sfc": "^3.2.26",
          "autoprefixer": "^10.4.2",
          "babel-loader": "^8.2.3",
          "copy-webpack-plugin": "^10.2.0",
          "css-loader": "^6.5.1",
          "html-webpack-plugin": "^5.5.0",
          "mini-css-extract-plugin": "^2.4.6",
          "postcss": "^8.4.5",
          "postcss-loader": "^6.2.1",
          "sass": "^1.47.0",
          "sass-loader": "^12.4.0",
          "style-loader": "^3.3.1",
          "vue-loader": "^17.0.0",
          "vue-style-loader": "^4.1.3",
          "webpack": "^5.65.0",
          "webpack-cli": "^4.9.1",
          "webpack-dev-server": "^4.0.0-rc.1"
      },
      "browserslist": [
          "> 1%",
          "last 2 versions"
      ],
      "dependencies": {
          "vue": "^3.2.26"
      }
  }

yarn manifest: 
  No manifest

Lockfile: 
  No lockfile
